0 info it worked if it ends with ok
1 verbose cli [ '/usr/local/bin/iojs', '/usr/local/bin/npm', 'publish' ]
2 info using npm@2.9.0
3 info using node@v2.0.1
4 verbose publish [ '.' ]
5 silly cache add args [ '.', null ]
6 verbose cache add spec .
7 silly cache add parsed spec { raw: '.',
7 silly cache add   scope: null,
7 silly cache add   name: null,
7 silly cache add   rawSpec: '.',
7 silly cache add   spec: '/Users/dan/dev/iondrive/iondrive-cli',
7 silly cache add   type: 'directory' }
8 verbose addLocalDirectory /Users/dan/.npm/iondrive/0.0.6/package.tgz not in flight; packing
9 verbose tar pack [ '/Users/dan/.npm/iondrive/0.0.6/package.tgz',
9 verbose tar pack   '/Users/dan/dev/iondrive/iondrive-cli' ]
10 verbose tarball /Users/dan/.npm/iondrive/0.0.6/package.tgz
11 verbose folder /Users/dan/dev/iondrive/iondrive-cli
12 info prepublish iondrive@0.0.6
13 verbose unsafe-perm in lifecycle true
14 verbose addLocalTarball adding from inside cache /Users/dan/.npm/iondrive/0.0.6/package.tgz
15 silly cache afterAdd iondrive@0.0.6
16 verbose afterAdd /Users/dan/.npm/iondrive/0.0.6/package/package.json not in flight; writing
17 verbose afterAdd /Users/dan/.npm/iondrive/0.0.6/package/package.json written
18 silly publish { name: 'iondrive',
18 silly publish   private: true,
18 silly publish   version: '0.0.6',
18 silly publish   description: 'IonDrive CLI tool.',
18 silly publish   main: 'index.js',
18 silly publish   bin: { iondrive: './bin/iondrive' },
18 silly publish   scripts: { prepublish: 'find . -name \'*.ts\' -type f -not -path \'*./node_modules/*\' -not -path \'*./typings/*\' > ts-files.txt && ./node_modules/.bin/tsc --module commonjs @ts-files.txt && rm -rf ts-files.txt' },
18 silly publish   repository:
18 silly publish    { type: 'git',
18 silly publish      url: 'git://github.com/iondrive/iondrive-cli.git' },
18 silly publish   author: { name: 'Ion Drive Software Ltd' },
18 silly publish   bugs: { url: 'https://github.com/iondrive/iondrive-cli/issues' },
18 silly publish   homepage: 'https://github.com/iondrive/iondrive-cli',
18 silly publish   license: 'MIT',
18 silly publish   dependencies:
18 silly publish    { 'aws-sdk': '^2.1.23',
18 silly publish      bunyan: '^1.3.5',
18 silly publish      commander: '^2.8.0',
18 silly publish      moment: '^2.10.2',
18 silly publish      nodemon: '^1.3.7',
18 silly publish      'tar-fs': '^1.5.0',
18 silly publish      webpack: '^1.8.11',
18 silly publish      'webpack-dev-server': '^1.8.2' },
18 silly publish   devDependencies: { typescript: '^1.5.0-beta' },
18 silly publish   readme: 'IonDrive-Cli\n=========\n\nThe IonDrive cli combines utilities common to IonDrive dev team.\n\nUse the `iondrive --help` command for more detailed task information.\n\n## Installing\n\n```bash\n$ npm install -g iondrive\n```\n\n## Development\n\nStart the project server and app webpack-dev-server. Cli looks for *-app in current path e.g. menulab-app.\n\n```bash\niondrive serve\n\n```\n\n## Backups\n\nBack up any directory by creating a tar.gz stream and piping directly to AWS S3 storage. Backups require AWS credentials managed as per [AWS node configuration guide.](http://docs.aws.amazon.com/AWSJavaScriptSDK/guide/node-configuring.html)\n\nSuggested configuration on development machines is to create an aws configuration file with client profiles. For servers environment variables are preferred.\n\n### Invocation\n\n```bash\n$ iondrive backup <dir> <bucket>\n```\n\n__Command-line flags/options:__\n\n    <dir>  ................ Target directory to backup.\n    <bucket>  ............. S3 bucket name (ensure PUT authorization)\n    [--prefix|-p]  ........ Prefix for the S3 file name. (Use quotes)\n\n__Examples with AWS credentials:__\n```bash\n$ AWS_ACCESS_KEY_ID="someid" AWS_SECRET_ACCESS_KEY="somekey" iondrive backup ./dev mybucket\n$ AWS_PROFILE="s3-iondrive" iondrive backup ./dev mybucket\n$ iondrive backup ./dev mybucket\n```\n',
18 silly publish   readmeFilename: 'README.md',
18 silly publish   gitHead: '52e74b7198951b7408137eea6788c3dc25493ae4',
18 silly publish   _id: 'iondrive@0.0.6',
18 silly publish   _shasum: 'fbbf1130ee6a11de72772a8925439082c1c971d9',
18 silly publish   _from: '.' }
19 verbose getPublishConfig undefined
20 verbose stack Error: This package has been marked as private
20 verbose stack Remove the 'private' field from the package.json to publish it.
20 verbose stack     at publish_ (/usr/local/lib/node_modules/npm/lib/publish.js:98:5)
20 verbose stack     at Array.<anonymous> (/usr/local/lib/node_modules/npm/node_modules/slide/lib/bind-actor.js:15:8)
20 verbose stack     at LOOP (/usr/local/lib/node_modules/npm/node_modules/slide/lib/chain.js:15:14)
20 verbose stack     at LOOP (/usr/local/lib/node_modules/npm/node_modules/slide/lib/chain.js:14:28)
20 verbose stack     at chain (/usr/local/lib/node_modules/npm/node_modules/slide/lib/chain.js:20:5)
20 verbose stack     at /usr/local/lib/node_modules/npm/lib/publish.js:73:5
20 verbose stack     at RES (/usr/local/lib/node_modules/npm/node_modules/inflight/inflight.js:23:14)
20 verbose stack     at f (/usr/local/lib/node_modules/npm/node_modules/once/once.js:17:25)
20 verbose stack     at /usr/local/lib/node_modules/npm/lib/cache.js:350:14
20 verbose stack     at /usr/local/lib/node_modules/npm/node_modules/write-file-atomic/index.js:29:15
21 verbose cwd /Users/dan/dev/iondrive/iondrive-cli
22 error Darwin 14.3.0
23 error argv "/usr/local/bin/iojs" "/usr/local/bin/npm" "publish"
24 error node v2.0.1
25 error npm  v2.9.0
26 error This package has been marked as private
26 error Remove the 'private' field from the package.json to publish it.
27 error If you need help, you may report this error at:
27 error     <https://github.com/npm/npm/issues>
28 verbose exit [ 1, true ]
